
> frontend-app@0.0.0 build
> ng build --configuration development

[33mÔØ»[39m Building...
[32mÔ£ö[39m Building...
[1mInitial chunk files[22m[2m | [22m[1mNames[22m        [2m | [22m [1mRaw size[22m
[32mmain.js[39m            [2m | [22m[2mmain[22m         [2m | [22m  [36m4.53 MB[39m[2m | [22m
[32mstyles.css[39m         [2m | [22m[2mstyles[22m       [2m | [22m[36m552.30 kB[39m[2m | [22m
[32mscripts.js[39m         [2m | [22m[2mscripts[22m      [2m | [22m[36m107.73 kB[39m[2m | [22m
[32mpolyfills.js[39m       [2m | [22m[2mpolyfills[22m    [2m | [22m [36m89.77 kB[39m[2m | [22m
[32mchunk-4MWRP73S.js[39m  [2m | [22m[2m-[22m            [2m | [22m  [36m3.33 kB[39m[2m | [22m
[32mchunk-7YWLATDR.js[39m  [2m | [22m[2m-[22m            [2m | [22m[36m459 bytes[39m[2m | [22m

[1m [22m                  [2m | [22m[1mInitial total[22m[2m | [22m  [1m5.29 MB[22m

[1mLazy chunk files[22m   [2m | [22m[1mNames[22m        [2m | [22m [1mRaw size[22m
[32mchunk-L75NMXTT.js[39m  [2m | [22m[2mhtml2canvas[22m  [2m | [22m[36m399.43 kB[39m[2m | [22m
[32mchunk-74FPU7LN.js[39m  [2m | [22m[2mindex-es[22m     [2m | [22m[36m367.88 kB[39m[2m | [22m
[32mchunk-LBXM5FX4.js[39m  [2m | [22m[2mpurify-es[22m    [2m | [22m [36m46.49 kB[39m[2m | [22m

Application bundle generation complete. [22.828 seconds] - 2026-03-17T23:55:24.852Z

Ôû▓ [WARNING] 2 repetitive deprecation warnings omitted.
Run in verbose mode to see all warnings. [plugin angular-sass]

  null


Ôû▓ [WARNING] Deprecation [plugin angular-sass]

    src/app/components/athenia-voice/athenia-voice.scss:239:2:
      239 Ôöé   gap: 16px;
          ÔòÁ   ^


  Sass's behavior for declarations that appear after nested
  rules will be changing to match the behavior specified by CSS in an upcoming
  version. To keep the existing behavior, move the declaration above the nested
  rule. To opt into the new behavior, wrap the declaration in `& {}`.
  
  More info: https://sass-lang.com/d/mixed-decls


Ôû▓ [WARNING] Deprecation [plugin angular-sass]

    src/app/components/athenia-voice/athenia-voice.scss:240:2:
      240 Ôöé   background: transparent;
          ÔòÁ   ^


  Sass's behavior for declarations that appear after nested
  rules will be changing to match the behavior specified by CSS in an upcoming
  version. To keep the existing behavior, move the declaration above the nested
  rule. To opt into the new behavior, wrap the declaration in `& {}`.
  
  More info: https://sass-lang.com/d/mixed-decls


Ôû▓ [WARNING] Deprecation [plugin angular-sass]

    src/app/components/athenia-voice/athenia-voice.scss:631:2:
      631 Ôöé   display: flex;
          ÔòÁ   ^


  Sass's behavior for declarations that appear after nested
  rules will be changing to match the behavior specified by CSS in an upcoming
  version. To keep the existing behavior, move the declaration above the nested
  rule. To opt into the new behavior, wrap the declaration in `& {}`.
  
  More info: https://sass-lang.com/d/mixed-decls


Ôû▓ [WARNING] Deprecation [plugin angular-sass]

    src/app/components/athenia-voice/athenia-voice.scss:632:2:
      632 Ôöé   flex-direction: column;
          ÔòÁ   ^


  Sass's behavior for declarations that appear after nested
  rules will be changing to match the behavior specified by CSS in an upcoming
  version. To keep the existing behavior, move the declaration above the nested
  rule. To opt into the new behavior, wrap the declaration in `& {}`.
  
  More info: https://sass-lang.com/d/mixed-decls


Ôû▓ [WARNING] Deprecation [plugin angular-sass]

    src/app/components/athenia-voice/athenia-voice.scss:633:2:
      633 Ôöé   gap: 12px;
          ÔòÁ   ^


  Sass's behavior for declarations that appear after nested
  rules will be changing to match the behavior specified by CSS in an upcoming
  version. To keep the existing behavior, move the declaration above the nested
  rule. To opt into the new behavior, wrap the declaration in `& {}`.
  
  More info: https://sass-lang.com/d/mixed-decls


Ôû▓ [WARNING] Deprecation [plugin angular-sass]

    src/styles.scss:2:8:
      2 Ôöé @import "tailwindcss";
        ÔòÁ         ^


  Sass @import rules are deprecated and will be removed in Dart Sass 3.0.0.
  
  More info and automated migrator: https://sass-lang.com/d/import

  The plugin "angular-sass" was triggered by this import

    angular:styles/global:styles:3:8:
      3 Ôöé @import 'src/styles.scss';
        ÔòÁ         ~~~~~~~~~~~~~~~~~


Ôû▓ [WARNING] Deprecation [plugin angular-sass]

    src/styles.scss:4:8:
      4 Ôöé @import "tailwindcss/utilities";
        ÔòÁ         ^


  Sass @import rules are deprecated and will be removed in Dart Sass 3.0.0.
  
  More info and automated migrator: https://sass-lang.com/d/import

  The plugin "angular-sass" was triggered by this import

    angular:styles/global:styles:3:8:
      3 Ôöé @import 'src/styles.scss';
        ÔòÁ         ~~~~~~~~~~~~~~~~~


Ôû▓ [WARNING] Deprecation [plugin angular-sass]

    src/styles.scss:7:8:
      7 Ôöé @import "./styles/abstracts/breakpoints";
        ÔòÁ         ^


  Sass @import rules are deprecated and will be removed in Dart Sass 3.0.0.
  
  More info and automated migrator: https://sass-lang.com/d/import

  The plugin "angular-sass" was triggered by this import

    angular:styles/global:styles:3:8:
      3 Ôöé @import 'src/styles.scss';
        ÔòÁ         ~~~~~~~~~~~~~~~~~


Ôû▓ [WARNING] Deprecation [plugin angular-sass]

    src/styles.scss:8:8:
      8 Ôöé @import "./styles/base/variables";
        ÔòÁ         ^


  Sass @import rules are deprecated and will be removed in Dart Sass 3.0.0.
  
  More info and automated migrator: https://sass-lang.com/d/import

  The plugin "angular-sass" was triggered by this import

    angular:styles/global:styles:3:8:
      3 Ôöé @import 'src/styles.scss';
        ÔòÁ         ~~~~~~~~~~~~~~~~~


Ôû▓ [WARNING] Deprecation [plugin angular-sass]

    src/styles.scss:9:8:
      9 Ôöé @import "./styles/themes/light";
        ÔòÁ         ^


  Sass @import rules are deprecated and will be removed in Dart Sass 3.0.0.
  
  More info and automated migrator: https://sass-lang.com/d/import

  The plugin "angular-sass" was triggered by this import

    angular:styles/global:styles:3:8:
      3 Ôöé @import 'src/styles.scss';
        ÔòÁ         ~~~~~~~~~~~~~~~~~


Ôû▓ [WARNING] 1 repetitive deprecation warnings omitted.
Run in verbose mode to see all warnings. [plugin angular-sass]

    angular:styles/global:styles:3:8:
      3 Ôöé @import 'src/styles.scss';
        ÔòÁ         ~~~~~~~~~~~~~~~~~

  null


Output location: C:\Users\Sebastian\Desktop\Curym\FrontEnd\dist\frontend-app

